<?xml version="1.0" encoding="UTF-8"?>
<!-- Generated by org.testng.reporters.JUnitReportReporter -->
<testsuite hostname="DESKTOP-RRGIG12" failures="0" tests="1" name="TestDemoqaUpload" time="101.803" errors="0" timestamp="2024-08-25T00:25:39 TRT" skipped="0">
  <testcase classname="TestDemoqaUpload" name="test01" time="101.803"/>
  <system-out/>
</testsuite> <!-- TestDemoqaUpload -->
